#
# There is insufficient memory for the Java Runtime Environment to continue.
# Native memory allocation (mmap) failed to map 143654912 bytes for committing reserved memory.
# Possible reasons:
#   The system is out of physical RAM or swap space
#   In 32 bit mode, the process size limit was hit
# Possible solutions:
#   Reduce memory load on the system
#   Increase physical memory or swap space
#   Check if swap backing store is full
#   Use 64 bit Java on a 64 bit OS
#   Decrease Java heap size (-Xmx/-Xms)
#   Decrease number of Java threads
#   Decrease Java thread stack sizes (-Xss)
#   Set larger code cache with -XX:ReservedCodeCacheSize=
# This output file may be truncated or incomplete.
#
#  Out of Memory Error (os_linux.cpp:2627), pid=17598, tid=140310990534400
#
# JRE version: Java(TM) SE Runtime Environment (8.0_74-b02) (build 1.8.0_74-b02)
# Java VM: Java HotSpot(TM) 64-Bit Server VM (25.74-b02 mixed mode linux-amd64 compressed oops)
# Failed to write core dump. Core dumps have been disabled. To enable core dumping, try "ulimit -c unlimited" before starting Java again
#

---------------  T H R E A D  ---------------

Current thread (0x00007f9cc4074000):  VMThread [stack: 0x00007f9cb2afb000,0x00007f9cb2bfc000] [id=17612]

Stack: [0x00007f9cb2afb000,0x00007f9cb2bfc000],  sp=0x00007f9cb2bfa0e0,  free space=1020k
Native frames: (J=compiled Java code, j=interpreted, Vv=VM code, C=native code)
V  [libjvm.so+0xaba7ea]  VMError::report_and_die()+0x2ba
V  [libjvm.so+0x4f9e3b]  report_vm_out_of_memory(char const*, int, unsigned long, VMErrorType, char const*)+0x8b
V  [libjvm.so+0x91b613]  os::Linux::commit_memory_impl(char*, unsigned long, bool)+0x103
V  [libjvm.so+0x91bb69]  os::pd_commit_memory(char*, unsigned long, unsigned long, bool)+0x29
V  [libjvm.so+0x915e6a]  os::commit_memory(char*, unsigned long, unsigned long, bool)+0x2a
V  [libjvm.so+0x989543]  PSVirtualSpace::expand_by(unsigned long)+0x53
V  [libjvm.so+0x98a948]  PSYoungGen::resize_generation(unsigned long, unsigned long)+0xf8
V  [libjvm.so+0x989aa2]  PSYoungGen::resize(unsigned long, unsigned long)+0x22
V  [libjvm.so+0x986d7b]  PSScavenge::invoke_no_policy()+0xf3b
V  [libjvm.so+0x987501]  PSScavenge::invoke()+0x41
V  [libjvm.so+0x93f300]  ParallelScavengeHeap::failed_mem_allocate(unsigned long)+0x70
V  [libjvm.so+0xabc207]  VM_ParallelGCFailedAllocation::doit()+0x97
V  [libjvm.so+0xac3c35]  VM_Operation::evaluate()+0x55
V  [libjvm.so+0xac200a]  VMThread::evaluate_operation(VM_Operation*)+0xba
V  [libjvm.so+0xac238e]  VMThread::loop()+0x1ce
V  [libjvm.so+0xac2800]  VMThread::run()+0x70
V  [libjvm.so+0x91d9d8]  java_start(Thread*)+0x108

VM_Operation (0x00007f9cccac6d70): ParallelGCFailedAllocation, mode: safepoint, requested by thread 0x00007f9cc400a000


---------------  P R O C E S S  ---------------

Java Threads: ( => current thread )
  0x00007f9cc40bb800 JavaThread "Service Thread" daemon [_thread_blocked, id=17626, stack(0x00007f9cb1cc1000,0x00007f9cb1dc2000)]
  0x00007f9cc40b8800 JavaThread "C1 CompilerThread1" daemon [_thread_blocked, id=17623, stack(0x00007f9cb1dc2000,0x00007f9cb1ec3000)]
  0x00007f9cc40b5800 JavaThread "C2 CompilerThread0" daemon [_thread_blocked, id=17621, stack(0x00007f9cb1ec3000,0x00007f9cb1fc4000)]
  0x00007f9cc40b4000 JavaThread "Signal Dispatcher" daemon [_thread_blocked, id=17620, stack(0x00007f9cb1fc4000,0x00007f9cb20c5000)]
  0x00007f9cc4080000 JavaThread "Finalizer" daemon [_thread_blocked, id=17617, stack(0x00007f9cb28f9000,0x00007f9cb29fa000)]
  0x00007f9cc407b800 JavaThread "Reference Handler" daemon [_thread_blocked, id=17615, stack(0x00007f9cb29fa000,0x00007f9cb2afb000)]
  0x00007f9cc400a000 JavaThread "main" [_thread_blocked, id=17601, stack(0x00007f9ccc9c8000,0x00007f9cccac9000)]

Other Threads:
=>0x00007f9cc4074000 VMThread [stack: 0x00007f9cb2afb000,0x00007f9cb2bfc000] [id=17612]
  0x00007f9cc40be000 WatcherThread [stack: 0x00007f9cb1bc0000,0x00007f9cb1cc1000] [id=17627]

VM state:at safepoint (normal execution)

VM Mutex/Monitor currently owned by a thread:  ([mutex/lock_event])
[0x00007f9cc4006550] Threads_lock - owner thread: 0x00007f9cc4074000
[0x00007f9cc4006a50] Heap_lock - owner thread: 0x00007f9cc400a000

Heap:
 PSYoungGen      total 140288K, used 14828K [0x00000000eab00000, 0x00000000f4400000, 0x0000000100000000)
  eden space 125440K, 0% used [0x00000000eab00000,0x00000000eab00000,0x00000000f2580000)
  from space 14848K, 99% used [0x00000000f2580000,0x00000000f33fb110,0x00000000f3400000)
  to   space 13312K, 0% used [0x00000000f3400000,0x00000000f3400000,0x00000000f4100000)
 ParOldGen       total 42496K, used 34127K [0x00000000c0000000, 0x00000000c2980000, 0x00000000eab00000)
  object space 42496K, 80% used [0x00000000c0000000,0x00000000c2153dd8,0x00000000c2980000)
 Metaspace       used 6631K, capacity 7480K, committed 7680K, reserved 1056768K
  class space    used 632K, capacity 688K, committed 768K, reserved 1048576K

Card table byte_map: [0x00007f9cc9589000,0x00007f9cc978a000] byte_map_base: 0x00007f9cc8f89000

Marking Bits: (ParMarkBitMap*) 0x00007f9ccbe9f260
 Begin Bits: [0x00007f9cb3000000, 0x00007f9cb4000000)
 End Bits:   [0x00007f9cb4000000, 0x00007f9cb5000000)

Polling page: 0x00007f9cccae6000

CodeCache: size=245760Kb used=7857Kb max_used=7857Kb free=237902Kb
 bounds [0x00007f9cb5000000, 0x00007f9cb57c0000, 0x00007f9cc4000000]
 total_blobs=2398 nmethods=2130 adapters=182
 compilation: enabled

Compilation events (10 events):
Event: 13,092 Thread 0x00007f9cc40b8800 2540       2       com.android.dx.dex.code.form.Form22b::isCompatible (103 bytes)
Event: 13,093 Thread 0x00007f9cc40b8800 nmethod 2540 0x00007f9cb57ae990 code [0x00007f9cb57aeb40, 0x00007f9cb57aef58]
Event: 13,125 Thread 0x00007f9cc40b8800 2541       2       com.android.dx.dex.code.CatchHandlerList$Entry::<init> (43 bytes)
Event: 13,126 Thread 0x00007f9cc40b8800 nmethod 2541 0x00007f9cb57af250 code [0x00007f9cb57af3e0, 0x00007f9cb57af698]
Event: 13,126 Thread 0x00007f9cc40b8800 2543       2       com.android.dx.dex.code.CatchHandlerList$Entry::compareTo (38 bytes)
Event: 13,127 Thread 0x00007f9cc40b8800 nmethod 2543 0x00007f9cb57af7d0 code [0x00007f9cb57af980, 0x00007f9cb57afc78]
Event: 13,127 Thread 0x00007f9cc40b8800 2544       2       com.android.dx.dex.code.CatchHandlerList$Entry::equals (26 bytes)
Event: 13,127 Thread 0x00007f9cc40b8800 nmethod 2544 0x00007f9cb57affd0 code [0x00007f9cb57b0140, 0x00007f9cb57b0348]
Event: 13,127 Thread 0x00007f9cc40b8800 2545       2       com.android.dx.util.ByteArrayAnnotatedOutput::ensureCapacity (39 bytes)
Event: 13,128 Thread 0x00007f9cc40b8800 nmethod 2545 0x00007f9cb57b0410 code [0x00007f9cb57b0580, 0x00007f9cb57b0848]

GC Heap History (10 events):
Event: 3,087 GC heap after
Heap after GC invocations=2 (full 0):
 PSYoungGen      total 34304K, used 2529K [0x00000000eab00000, 0x00000000ecf00000, 0x0000000100000000)
  eden space 31744K, 0% used [0x00000000eab00000,0x00000000eab00000,0x00000000eca00000)
  from space 2560K, 98% used [0x00000000ecc80000,0x00000000ecef8440,0x00000000ecf00000)
  to   space 2560K, 0% used [0x00000000eca00000,0x00000000eca00000,0x00000000ecc80000)
 ParOldGen       total 42496K, used 3266K [0x00000000c0000000, 0x00000000c2980000, 0x00000000eab00000)
  object space 42496K, 7% used [0x00000000c0000000,0x00000000c0330a90,0x00000000c2980000)
 Metaspace       used 5712K, capacity 6704K, committed 6784K, reserved 1056768K
  class space    used 592K, capacity 616K, committed 640K, reserved 1048576K
}
Event: 5,000 GC heap before
{Heap before GC invocations=3 (full 0):
 PSYoungGen      total 34304K, used 34273K [0x00000000eab00000, 0x00000000ecf00000, 0x0000000100000000)
  eden space 31744K, 100% used [0x00000000eab00000,0x00000000eca00000,0x00000000eca00000)
  from space 2560K, 98% used [0x00000000ecc80000,0x00000000ecef8440,0x00000000ecf00000)
  to   space 2560K, 0% used [0x00000000eca00000,0x00000000eca00000,0x00000000ecc80000)
 ParOldGen       total 42496K, used 3266K [0x00000000c0000000, 0x00000000c2980000, 0x00000000eab00000)
  object space 42496K, 7% used [0x00000000c0000000,0x00000000c0330a90,0x00000000c2980000)
 Metaspace       used 5900K, capacity 6896K, committed 7040K, reserved 1056768K
  class space    used 593K, capacity 616K, committed 640K, reserved 1048576K
Event: 5,100 GC heap after
Heap after GC invocations=3 (full 0):
 PSYoungGen      total 34304K, used 2552K [0x00000000eab00000, 0x00000000eee00000, 0x0000000100000000)
  eden space 31744K, 0% used [0x00000000eab00000,0x00000000eab00000,0x00000000eca00000)
  from space 2560K, 99% used [0x00000000eca00000,0x00000000ecc7e030,0x00000000ecc80000)
  to   space 2560K, 0% used [0x00000000eeb80000,0x00000000eeb80000,0x00000000eee00000)
 ParOldGen       total 42496K, used 7890K [0x00000000c0000000, 0x00000000c2980000, 0x00000000eab00000)
  object space 42496K, 18% used [0x00000000c0000000,0x00000000c07b4bb8,0x00000000c2980000)
 Metaspace       used 5900K, capacity 6896K, committed 7040K, reserved 1056768K
  class space    used 593K, capacity 616K, committed 640K, reserved 1048576K
}
Event: 5,892 GC heap before
{Heap before GC invocations=4 (full 0):
 PSYoungGen      total 34304K, used 34296K [0x00000000eab00000, 0x00000000eee00000, 0x0000000100000000)
  eden space 31744K, 100% used [0x00000000eab00000,0x00000000eca00000,0x00000000eca00000)
  from space 2560K, 99% used [0x00000000eca00000,0x00000000ecc7e030,0x00000000ecc80000)
  to   space 2560K, 0% used [0x00000000eeb80000,0x00000000eeb80000,0x00000000eee00000)
 ParOldGen       total 42496K, used 7890K [0x00000000c0000000, 0x00000000c2980000, 0x00000000eab00000)
  object space 42496K, 18% used [0x00000000c0000000,0x00000000c07b4bb8,0x00000000c2980000)
 Metaspace       used 5939K, capacity 6896K, committed 7040K, reserved 1056768K
  class space    used 593K, capacity 616K, committed 640K, reserved 1048576K
Event: 6,037 GC heap after
Heap after GC invocations=4 (full 0):
 PSYoungGen      total 66048K, used 2550K [0x00000000eab00000, 0x00000000eee00000, 0x0000000100000000)
  eden space 63488K, 0% used [0x00000000eab00000,0x00000000eab00000,0x00000000ee900000)
  from space 2560K, 99% used [0x00000000eeb80000,0x00000000eedfdbb8,0x00000000eee00000)
  to   space 2560K, 0% used [0x00000000ee900000,0x00000000ee900000,0x00000000eeb80000)
 ParOldGen       total 42496K, used 12901K [0x00000000c0000000, 0x00000000c2980000, 0x00000000eab00000)
  object space 42496K, 30% used [0x00000000c0000000,0x00000000c0c99418,0x00000000c2980000)
 Metaspace       used 5939K, capacity 6896K, committed 7040K, reserved 1056768K
  class space    used 593K, capacity 616K, committed 640K, reserved 1048576K
}
Event: 7,648 GC heap before
{Heap before GC invocations=5 (full 0):
 PSYoungGen      total 66048K, used 66038K [0x00000000eab00000, 0x00000000eee00000, 0x0000000100000000)
  eden space 63488K, 100% used [0x00000000eab00000,0x00000000ee900000,0x00000000ee900000)
  from space 2560K, 99% used [0x00000000eeb80000,0x00000000eedfdbb8,0x00000000eee00000)
  to   space 2560K, 0% used [0x00000000ee900000,0x00000000ee900000,0x00000000eeb80000)
 ParOldGen       total 42496K, used 12901K [0x00000000c0000000, 0x00000000c2980000, 0x00000000eab00000)
  object space 42496K, 30% used [0x00000000c0000000,0x00000000c0c99418,0x00000000c2980000)
 Metaspace       used 6003K, capacity 6960K, committed 7040K, reserved 1056768K
  class space    used 594K, capacity 616K, committed 640K, reserved 1048576K
Event: 7,823 GC heap after
Heap after GC invocations=5 (full 0):
 PSYoungGen      total 66048K, used 2533K [0x00000000eab00000, 0x00000000f4100000, 0x0000000100000000)
  eden space 63488K, 0% used [0x00000000eab00000,0x00000000eab00000,0x00000000ee900000)
  from space 2560K, 98% used [0x00000000ee900000,0x00000000eeb79668,0x00000000eeb80000)
  to   space 13312K, 0% used [0x00000000f3400000,0x00000000f3400000,0x00000000f4100000)
 ParOldGen       total 42496K, used 23271K [0x00000000c0000000, 0x00000000c2980000, 0x00000000eab00000)
  object space 42496K, 54% used [0x00000000c0000000,0x00000000c16b9c40,0x00000000c2980000)
 Metaspace       used 6003K, capacity 6960K, committed 7040K, reserved 1056768K
  class space    used 594K, capacity 616K, committed 640K, reserved 1048576K
}
Event: 9,156 GC heap before
{Heap before GC invocations=6 (full 0):
 PSYoungGen      total 66048K, used 66021K [0x00000000eab00000, 0x00000000f4100000, 0x0000000100000000)
  eden space 63488K, 100% used [0x00000000eab00000,0x00000000ee900000,0x00000000ee900000)
  from space 2560K, 98% used [0x00000000ee900000,0x00000000eeb79668,0x00000000eeb80000)
  to   space 13312K, 0% used [0x00000000f3400000,0x00000000f3400000,0x00000000f4100000)
 ParOldGen       total 42496K, used 23271K [0x00000000c0000000, 0x00000000c2980000, 0x00000000eab00000)
  object space 42496K, 54% used [0x00000000c0000000,0x00000000c16b9c40,0x00000000c2980000)
 Metaspace       used 6196K, capacity 7064K, committed 7424K, reserved 1056768K
  class space    used 614K, capacity 656K, committed 768K, reserved 1048576K
Event: 9,421 GC heap after
Heap after GC invocations=6 (full 0):
 PSYoungGen      total 138752K, used 11408K [0x00000000eab00000, 0x00000000f4400000, 0x0000000100000000)
  eden space 125440K, 0% used [0x00000000eab00000,0x00000000eab00000,0x00000000f2580000)
  from space 13312K, 85% used [0x00000000f3400000,0x00000000f3f24340,0x00000000f4100000)
  to   space 14848K, 0% used [0x00000000f2580000,0x00000000f2580000,0x00000000f3400000)
 ParOldGen       total 42496K, used 23271K [0x00000000c0000000, 0x00000000c2980000, 0x00000000eab00000)
  object space 42496K, 54% used [0x00000000c0000000,0x00000000c16b9c40,0x00000000c2980000)
 Metaspace       used 6196K, capacity 7064K, committed 7424K, reserved 1056768K
  class space    used 614K, capacity 656K, committed 768K, reserved 1048576K
}
Event: 13,138 GC heap before
{Heap before GC invocations=7 (full 0):
 PSYoungGen      total 138752K, used 136848K [0x00000000eab00000, 0x00000000f4400000, 0x0000000100000000)
  eden space 125440K, 100% used [0x00000000eab00000,0x00000000f2580000,0x00000000f2580000)
  from space 13312K, 85% used [0x00000000f3400000,0x00000000f3f24340,0x00000000f4100000)
  to   space 14848K, 0% used [0x00000000f2580000,0x00000000f2580000,0x00000000f3400000)
 ParOldGen       total 42496K, used 23271K [0x00000000c0000000, 0x00000000c2980000, 0x00000000eab00000)
  object space 42496K, 54% used [0x00000000c0000000,0x00000000c16b9c40,0x00000000c2980000)
 Metaspace       used 6631K, capacity 7480K, committed 7680K, reserved 1056768K
  class space    used 632K, capacity 688K, committed 768K, reserved 1048576K

Deoptimization events (10 events):
Event: 7,839 Thread 0x00007f9cc4142800 Uncommon trap: reason=unstable_if action=reinterpret pc=0x00007f9cb554349c method=java.util.HashMap.putVal(ILjava/lang/Object;Ljava/lang/Object;ZZ)Ljava/lang/Object; @ 162
Event: 7,892 Thread 0x00007f9cc4142800 Uncommon trap: reason=unstable_if action=reinterpret pc=0x00007f9cb5361f6c method=java.util.HashMap.getNode(ILjava/lang/Object;)Ljava/util/HashMap$Node; @ 84
Event: 7,925 Thread 0x00007f9cc400a000 Uncommon trap: reason=unstable_if action=reinterpret pc=0x00007f9cb52b586c method=java.util.HashMap.getNode(ILjava/lang/Object;)Ljava/util/HashMap$Node; @ 84
Event: 9,645 Thread 0x00007f9cc400a000 Uncommon trap: reason=unstable_if action=reinterpret pc=0x00007f9cb55e4278 method=java.util.HashMap.putVal(ILjava/lang/Object;Ljava/lang/Object;ZZ)Ljava/lang/Object; @ 109
Event: 10,011 Thread 0x00007f9cc413b800 Uncommon trap: reason=unstable_if action=reinterpret pc=0x00007f9cb567e64c method=com.android.dx.dex.code.OutputFinisher.hasLocalInfo(Lcom/android/dx/dex/code/DalvInsn;)Z @ 24
Event: 11,511 Thread 0x00007f9cc400a000 Uncommon trap: reason=class_check action=maybe_recompile pc=0x00007f9cb56712b4 method=java.util.Arrays.hashCode([Ljava/lang/Object;)I @ 43
Event: 11,511 Thread 0x00007f9cc400a000 Uncommon trap: reason=class_check action=maybe_recompile pc=0x00007f9cb56712b4 method=java.util.Arrays.hashCode([Ljava/lang/Object;)I @ 43
Event: 11,512 Thread 0x00007f9cc400a000 Uncommon trap: reason=class_check action=maybe_recompile pc=0x00007f9cb56712b4 method=java.util.Arrays.hashCode([Ljava/lang/Object;)I @ 43
Event: 11,512 Thread 0x00007f9cc400a000 Uncommon trap: reason=class_check action=maybe_recompile pc=0x00007f9cb56712b4 method=java.util.Arrays.hashCode([Ljava/lang/Object;)I @ 43
Event: 12,330 Thread 0x00007f9cc400a000 Uncommon trap: reason=unstable_if action=reinterpret pc=0x00007f9cb543b7f4 method=java.util.Arrays.equals([Ljava/lang/Object;[Ljava/lang/Object;)Z @ 23

Internal exceptions (6 events):
Event: 0,095 Thread 0x00007f9cc400a000 Exception <a 'java/lang/NoSuchMethodError': Method sun.misc.Unsafe.defineClass(Ljava/lang/String;[BII)Ljava/lang/Class; name or signature does not match> (0x00000000eab07cc0) thrown at [/HUDSON3/workspace/8-2-build-linux-amd64/jdk8u74/6087/hotspot/src/sha
Event: 0,095 Thread 0x00007f9cc400a000 Exception <a 'java/lang/NoSuchMethodError': Method sun.misc.Unsafe.prefetchRead(Ljava/lang/Object;J)V name or signature does not match> (0x00000000eab07fa8) thrown at [/HUDSON3/workspace/8-2-build-linux-amd64/jdk8u74/6087/hotspot/src/share/vm/prims/jni.cp
Event: 3,295 Thread 0x00007f9cc413b800 Implicit null exception at 0x00007f9cb52c0926 to 0x00007f9cb52c2ebd
Event: 7,881 Thread 0x00007f9cc4142800 Exception <a 'java/lang/ArrayIndexOutOfBoundsException': 18> (0x00000000eae58728) thrown at [/HUDSON3/workspace/8-2-build-linux-amd64/jdk8u74/6087/hotspot/src/share/vm/interpreter/interpreterRuntime.cpp, line 366]
Event: 7,882 Thread 0x00007f9cc4142800 Exception <a 'java/lang/ArrayIndexOutOfBoundsException': 145> (0x00000000eae5a2a8) thrown at [/HUDSON3/workspace/8-2-build-linux-amd64/jdk8u74/6087/hotspot/src/share/vm/interpreter/interpreterRuntime.cpp, line 366]
Event: 7,891 Thread 0x00007f9cc4142800 Exception <a 'java/lang/ArrayIndexOutOfBoundsException': 40> (0x00000000eae5b590) thrown at [/HUDSON3/workspace/8-2-build-linux-amd64/jdk8u74/6087/hotspot/src/share/vm/interpreter/interpreterRuntime.cpp, line 366]

Events (10 events):
Event: 12,592 Thread 0x00007f9cc400a000 DEOPT UNPACKING pc=0x00007f9cb5047233 sp=0x00007f9cccac70a8 mode 0
Event: 12,655 Thread 0x00007f9cc400a000 DEOPT PACKING pc=0x00007f9cb572f6e2 sp=0x00007f9cccac7140
Event: 12,655 Thread 0x00007f9cc400a000 DEOPT UNPACKING pc=0x00007f9cb5047233 sp=0x00007f9cccac6ee0 mode 0
Event: 12,722 Thread 0x00007f9cc400a000 DEOPT PACKING pc=0x00007f9cb573b15e sp=0x00007f9cccac72b0
Event: 12,722 Thread 0x00007f9cc400a000 DEOPT UNPACKING pc=0x00007f9cb5047233 sp=0x00007f9cccac7058 mode 0
Event: 12,744 Thread 0x00007f9cc400a000 DEOPT PACKING pc=0x00007f9cb573cd39 sp=0x00007f9cccac7270
Event: 12,744 Thread 0x00007f9cc400a000 DEOPT UNPACKING pc=0x00007f9cb5047233 sp=0x00007f9cccac7018 mode 0
Event: 12,828 Thread 0x00007f9cc400a000 DEOPT PACKING pc=0x00007f9cb57799a9 sp=0x00007f9cccac7240
Event: 12,828 Thread 0x00007f9cc400a000 DEOPT UNPACKING pc=0x00007f9cb5047233 sp=0x00007f9cccac7068 mode 0
Event: 13,138 Executing VM operation: ParallelGCFailedAllocation


Dynamic libraries:
00400000-00401000 r-xp 00000000 08:01 150587                             /usr/lib/jvm/java-8-oracle/bin/java
00600000-00601000 rw-p 00000000 08:01 150587                             /usr/lib/jvm/java-8-oracle/bin/java
02445000-02466000 rw-p 00000000 00:00 0                                  [heap]
c0000000-c2980000 rw-p 00000000 00:00 0 
c2980000-eab00000 ---p 00000000 00:00 0 
eab00000-f4400000 rw-p 00000000 00:00 0 
fcd00000-100000000 ---p 00000000 00:00 0 
100000000-1000c0000 rw-p 00000000 00:00 0 
1000c0000-140000000 ---p 00000000 00:00 0 
7f9c74000000-7f9c74032000 rw-p 00000000 00:00 0 
7f9c74032000-7f9c78000000 ---p 00000000 00:00 0 
7f9c7c000000-7f9c7c021000 rw-p 00000000 00:00 0 
7f9c7c021000-7f9c80000000 ---p 00000000 00:00 0 
7f9c80000000-7f9c80021000 rw-p 00000000 00:00 0 
7f9c80021000-7f9c84000000 ---p 00000000 00:00 0 
7f9c84000000-7f9c84021000 rw-p 00000000 00:00 0 
7f9c84021000-7f9c88000000 ---p 00000000 00:00 0 
7f9c88000000-7f9c88021000 rw-p 00000000 00:00 0 
7f9c88021000-7f9c8c000000 ---p 00000000 00:00 0 
7f9c8c000000-7f9c8ccde000 rw-p 00000000 00:00 0 
7f9c8ccde000-7f9c90000000 ---p 00000000 00:00 0 
7f9c90000000-7f9c90021000 rw-p 00000000 00:00 0 
7f9c90021000-7f9c94000000 ---p 00000000 00:00 0 
7f9c94000000-7f9c94021000 rw-p 00000000 00:00 0 
7f9c94021000-7f9c98000000 ---p 00000000 00:00 0 
7f9c98000000-7f9c99118000 rw-p 00000000 00:00 0 
7f9c99118000-7f9c9c000000 ---p 00000000 00:00 0 
7f9c9c000000-7f9c9c021000 rw-p 00000000 00:00 0 
7f9c9c021000-7f9ca0000000 ---p 00000000 00:00 0 
7f9ca0000000-7f9ca0021000 rw-p 00000000 00:00 0 
7f9ca0021000-7f9ca4000000 ---p 00000000 00:00 0 
7f9ca4000000-7f9ca4021000 rw-p 00000000 00:00 0 
7f9ca4021000-7f9ca8000000 ---p 00000000 00:00 0 
7f9ca8000000-7f9ca8294000 rw-p 00000000 00:00 0 
7f9ca8294000-7f9cac000000 ---p 00000000 00:00 0 
7f9cac000000-7f9cac021000 rw-p 00000000 00:00 0 
7f9cac021000-7f9cb0000000 ---p 00000000 00:00 0 
7f9cb16bb000-7f9cb16be000 ---p 00000000 00:00 0 
7f9cb16be000-7f9cb17bc000 rw-p 00000000 00:00 0 
7f9cb17bc000-7f9cb17bf000 ---p 00000000 00:00 0 
7f9cb17bf000-7f9cb18bd000 rw-p 00000000 00:00 0 
7f9cb18bd000-7f9cb18c0000 ---p 00000000 00:00 0 
7f9cb18c0000-7f9cb19be000 rw-p 00000000 00:00 0 
7f9cb19be000-7f9cb19c1000 ---p 00000000 00:00 0 
7f9cb19c1000-7f9cb1abf000 rw-p 00000000 00:00 0 
7f9cb1abf000-7f9cb1ac2000 ---p 00000000 00:00 0 
7f9cb1ac2000-7f9cb1bc0000 rw-p 00000000 00:00 0 
7f9cb1bc0000-7f9cb1bc1000 ---p 00000000 00:00 0 
7f9cb1bc1000-7f9cb1cc1000 rw-p 00000000 00:00 0                          [stack:17627]
7f9cb1cc1000-7f9cb1cc4000 ---p 00000000 00:00 0 
7f9cb1cc4000-7f9cb1dc2000 rw-p 00000000 00:00 0                          [stack:17626]
7f9cb1dc2000-7f9cb1dc5000 ---p 00000000 00:00 0 
7f9cb1dc5000-7f9cb1ec3000 rw-p 00000000 00:00 0                          [stack:17623]
7f9cb1ec3000-7f9cb1ec6000 ---p 00000000 00:00 0 
7f9cb1ec6000-7f9cb1fc4000 rw-p 00000000 00:00 0                          [stack:17621]
7f9cb1fc4000-7f9cb1fc7000 ---p 00000000 00:00 0 
7f9cb1fc7000-7f9cb20c5000 rw-p 00000000 00:00 0                          [stack:17620]
7f9cb20c5000-7f9cb28f9000 r--p 00000000 08:01 8220                       /usr/lib/locale/locale-archive
7f9cb28f9000-7f9cb28fc000 ---p 00000000 00:00 0 
7f9cb28fc000-7f9cb29fa000 rw-p 00000000 00:00 0                          [stack:17617]
7f9cb29fa000-7f9cb29fd000 ---p 00000000 00:00 0 
7f9cb29fd000-7f9cb2afb000 rw-p 00000000 00:00 0                          [stack:17615]
7f9cb2afb000-7f9cb2afc000 ---p 00000000 00:00 0 
7f9cb2afc000-7f9cb5000000 rw-p 00000000 00:00 0                          [stack:17612]
7f9cb5000000-7f9cb57c0000 rwxp 00000000 00:00 0 
7f9cb57c0000-7f9cc4000000 ---p 00000000 00:00 0 
7f9cc4000000-7f9cc4387000 rw-p 00000000 00:00 0 
7f9cc4387000-7f9cc8000000 ---p 00000000 00:00 0 
7f9cc806e000-7f9cc85e3000 rw-p 00000000 00:00 0 
7f9cc85e3000-7f9cc87bb000 r--s 03d1d000 08:01 150633                     /usr/lib/jvm/java-8-oracle/jre/lib/rt.jar
7f9cc87bb000-7f9cc8ef1000 rw-p 00000000 00:00 0 
7f9cc8ef1000-7f9cc9031000 ---p 00000000 00:00 0 
7f9cc9031000-7f9cc9231000 rw-p 00000000 00:00 0 
7f9cc9231000-7f9cc9232000 ---p 00000000 00:00 0 
7f9cc9232000-7f9cc9332000 rw-p 00000000 00:00 0                          [stack:17611]
7f9cc9332000-7f9cc9333000 ---p 00000000 00:00 0 
7f9cc9333000-7f9cc9448000 rw-p 00000000 00:00 0                          [stack:17607]
7f9cc9448000-7f9cc9589000 ---p 00000000 00:00 0 
7f9cc9589000-7f9cc959e000 rw-p 00000000 00:00 0 
7f9cc959e000-7f9cc96de000 ---p 00000000 00:00 0 
7f9cc96de000-7f9cc972b000 rw-p 00000000 00:00 0 
7f9cc972b000-7f9cc9789000 ---p 00000000 00:00 0 
7f9cc9789000-7f9cc97a9000 rw-p 00000000 00:00 0 
7f9cc97a9000-7f9cc9b4a000 ---p 00000000 00:00 0 
7f9cc9b4a000-7f9cc9b64000 r-xp 00000000 08:01 150784                     /usr/lib/jvm/java-8-oracle/jre/lib/amd64/libzip.so
7f9cc9b64000-7f9cc9d64000 ---p 0001a000 08:01 150784                     /usr/lib/jvm/java-8-oracle/jre/lib/amd64/libzip.so
7f9cc9d64000-7f9cc9d65000 rw-p 0001a000 08:01 150784                     /usr/lib/jvm/java-8-oracle/jre/lib/amd64/libzip.so
7f9cc9d65000-7f9cc9d70000 r-xp 00000000 08:01 399021                     /lib/x86_64-linux-gnu/libnss_files-2.19.so
7f9cc9d70000-7f9cc9f6f000 ---p 0000b000 08:01 399021                     /lib/x86_64-linux-gnu/libnss_files-2.19.so
7f9cc9f6f000-7f9cc9f70000 r--p 0000a000 08:01 399021                     /lib/x86_64-linux-gnu/libnss_files-2.19.so
7f9cc9f70000-7f9cc9f71000 rw-p 0000b000 08:01 399021                     /lib/x86_64-linux-gnu/libnss_files-2.19.so
7f9cc9f71000-7f9cc9f7c000 r-xp 00000000 08:01 399031                     /lib/x86_64-linux-gnu/libnss_nis-2.19.so
7f9cc9f7c000-7f9cca17b000 ---p 0000b000 08:01 399031                     /lib/x86_64-linux-gnu/libnss_nis-2.19.so
7f9cca17b000-7f9cca17c000 r--p 0000a000 08:01 399031                     /lib/x86_64-linux-gnu/libnss_nis-2.19.so
7f9cca17c000-7f9cca17d000 rw-p 0000b000 08:01 399031                     /lib/x86_64-linux-gnu/libnss_nis-2.19.so
7f9cca17d000-7f9cca194000 r-xp 00000000 08:01 399015                     /lib/x86_64-linux-gnu/libnsl-2.19.so
7f9cca194000-7f9cca393000 ---p 00017000 08:01 399015                     /lib/x86_64-linux-gnu/libnsl-2.19.so
7f9cca393000-7f9cca394000 r--p 00016000 08:01 399015                     /lib/x86_64-linux-gnu/libnsl-2.19.so
7f9cca394000-7f9cca395000 rw-p 00017000 08:01 399015                     /lib/x86_64-linux-gnu/libnsl-2.19.so
7f9cca395000-7f9cca397000 rw-p 00000000 00:00 0 
7f9cca397000-7f9cca3a0000 r-xp 00000000 08:01 399017                     /lib/x86_64-linux-gnu/libnss_compat-2.19.so
7f9cca3a0000-7f9cca59f000 ---p 00009000 08:01 399017                     /lib/x86_64-linux-gnu/libnss_compat-2.19.so
7f9cca59f000-7f9cca5a0000 r--p 00008000 08:01 399017                     /lib/x86_64-linux-gnu/libnss_compat-2.19.so
7f9cca5a0000-7f9cca5a1000 rw-p 00009000 08:01 399017                     /lib/x86_64-linux-gnu/libnss_compat-2.19.so
7f9cca5a1000-7f9cca5cb000 r-xp 00000000 08:01 150823                     /usr/lib/jvm/java-8-oracle/jre/lib/amd64/libjava.so
7f9cca5cb000-7f9cca7cb000 ---p 0002a000 08:01 150823                     /usr/lib/jvm/java-8-oracle/jre/lib/amd64/libjava.so
7f9cca7cb000-7f9cca7cd000 rw-p 0002a000 08:01 150823                     /usr/lib/jvm/java-8-oracle/jre/lib/amd64/libjava.so
7f9cca7cd000-7f9cca7da000 r-xp 00000000 08:01 150774                     /usr/lib/jvm/java-8-oracle/jre/lib/amd64/libverify.so
7f9cca7da000-7f9cca9da000 ---p 0000d000 08:01 150774                     /usr/lib/jvm/java-8-oracle/jre/lib/amd64/libverify.so
7f9cca9da000-7f9cca9dc000 rw-p 0000d000 08:01 150774                     /usr/lib/jvm/java-8-oracle/jre/lib/amd64/libverify.so
7f9cca9dc000-7f9cca9e3000 r-xp 00000000 08:01 399074                     /lib/x86_64-linux-gnu/librt-2.19.so
7f9cca9e3000-7f9ccabe2000 ---p 00007000 08:01 399074                     /lib/x86_64-linux-gnu/librt-2.19.so
7f9ccabe2000-7f9ccabe3000 r--p 00006000 08:01 399074                     /lib/x86_64-linux-gnu/librt-2.19.so
7f9ccabe3000-7f9ccabe4000 rw-p 00007000 08:01 399074                     /lib/x86_64-linux-gnu/librt-2.19.so
7f9ccabe4000-7f9ccace9000 r-xp 00000000 08:01 398996                     /lib/x86_64-linux-gnu/libm-2.19.so
7f9ccace9000-7f9ccaee8000 ---p 00105000 08:01 398996                     /lib/x86_64-linux-gnu/libm-2.19.so
7f9ccaee8000-7f9ccaee9000 r--p 00104000 08:01 398996                     /lib/x86_64-linux-gnu/libm-2.19.so
7f9ccaee9000-7f9ccaeea000 rw-p 00105000 08:01 398996                     /lib/x86_64-linux-gnu/libm-2.19.so
7f9ccaeea000-7f9ccbba9000 r-xp 00000000 08:01 150803                     /usr/lib/jvm/java-8-oracle/jre/lib/amd64/server/libjvm.so
7f9ccbba9000-7f9ccbda8000 ---p 00cbf000 08:01 150803                     /usr/lib/jvm/java-8-oracle/jre/lib/amd64/server/libjvm.so
7f9ccbda8000-7f9ccbe81000 rw-p 00cbe000 08:01 150803                     /usr/lib/jvm/java-8-oracle/jre/lib/amd64/server/libjvm.so
7f9ccbe81000-7f9ccbeca000 rw-p 00000000 00:00 0 
7f9ccbeca000-7f9ccc085000 r-xp 00000000 08:01 398946                     /lib/x86_64-linux-gnu/libc-2.19.so
7f9ccc085000-7f9ccc284000 ---p 001bb000 08:01 398946                     /lib/x86_64-linux-gnu/libc-2.19.so
7f9ccc284000-7f9ccc288000 r--p 001ba000 08:01 398946                     /lib/x86_64-linux-gnu/libc-2.19.so
7f9ccc288000-7f9ccc28a000 rw-p 001be000 08:01 398946                     /lib/x86_64-linux-gnu/libc-2.19.so
7f9ccc28a000-7f9ccc28f000 rw-p 00000000 00:00 0 
7f9ccc28f000-7f9ccc292000 r-xp 00000000 08:01 398963                     /lib/x86_64-linux-gnu/libdl-2.19.so
7f9ccc292000-7f9ccc491000 ---p 00003000 08:01 398963                     /lib/x86_64-linux-gnu/libdl-2.19.so
7f9ccc491000-7f9ccc492000 r--p 00002000 08:01 398963                     /lib/x86_64-linux-gnu/libdl-2.19.so
7f9ccc492000-7f9ccc493000 rw-p 00003000 08:01 398963                     /lib/x86_64-linux-gnu/libdl-2.19.so
7f9ccc493000-7f9ccc4a8000 r-xp 00000000 08:01 149291                     /usr/lib/jvm/java-8-oracle/lib/amd64/jli/libjli.so
7f9ccc4a8000-7f9ccc6a8000 ---p 00015000 08:01 149291                     /usr/lib/jvm/java-8-oracle/lib/amd64/jli/libjli.so
7f9ccc6a8000-7f9ccc6a9000 rw-p 00015000 08:01 149291                     /usr/lib/jvm/java-8-oracle/lib/amd64/jli/libjli.so
7f9ccc6a9000-7f9ccc6c2000 r-xp 00000000 08:01 399066                     /lib/x86_64-linux-gnu/libpthread-2.19.so
7f9ccc6c2000-7f9ccc8c1000 ---p 00019000 08:01 399066                     /lib/x86_64-linux-gnu/libpthread-2.19.so
7f9ccc8c1000-7f9ccc8c2000 r--p 00018000 08:01 399066                     /lib/x86_64-linux-gnu/libpthread-2.19.so
7f9ccc8c2000-7f9ccc8c3000 rw-p 00019000 08:01 399066                     /lib/x86_64-linux-gnu/libpthread-2.19.so
7f9ccc8c3000-7f9ccc8c7000 rw-p 00000000 00:00 0 
7f9ccc8c7000-7f9ccc8ea000 r-xp 00000000 08:01 398922                     /lib/x86_64-linux-gnu/ld-2.19.so
7f9ccc8ef000-7f9ccc9c8000 rw-p 00000000 00:00 0 
7f9ccc9c8000-7f9ccc9cb000 ---p 00000000 00:00 0 
7f9ccc9cb000-7f9cccace000 rw-p 00000000 00:00 0                          [stack:17601]
7f9cccace000-7f9cccadd000 r--s 000df000 00:1d 530923                     /home/caneraydin/Android/Sdk/build-tools/23.0.2/lib/dx.jar
7f9cccadd000-7f9cccae5000 rw-s 00000000 08:01 837217                     /tmp/hsperfdata_caneraydin/17598
7f9cccae5000-7f9cccae6000 rw-p 00000000 00:00 0 
7f9cccae6000-7f9cccae7000 ---p 00000000 00:00 0 
7f9cccae7000-7f9cccae9000 rw-p 00000000 00:00 0 
7f9cccae9000-7f9cccaea000 r--p 00022000 08:01 398922                     /lib/x86_64-linux-gnu/ld-2.19.so
7f9cccaea000-7f9cccaeb000 rw-p 00023000 08:01 398922                     /lib/x86_64-linux-gnu/ld-2.19.so
7f9cccaeb000-7f9cccaec000 rw-p 00000000 00:00 0 
7ffd719b9000-7ffd719da000 rw-p 00000000 00:00 0                          [stack]
7ffd719dd000-7ffd719df000 r--p 00000000 00:00 0                          [vvar]
7ffd719df000-7ffd719e1000 r-xp 00000000 00:00 0                          [vdso]
ffffffffff600000-ffffffffff601000 r-xp 00000000 00:00 0                  [vsyscall]

VM Arguments:
jvm_args: -Djava.awt.headless=true -Xmx1024M -Dfile.encoding=UTF-8 -Duser.country=US -Duser.language=en -Duser.variant 
java_command: com.android.dx.command.Main --dex --num-threads=4 --output /home/caneraydin/AndroidStudioProjects/MyApplication4/app/build/intermediates/pre-dexed/debug/com.android.support-appcompat-v7-23.2.0_394672415ef9e505f2d7464a8d2b74ec4e879101.jar /home/caneraydin/AndroidStudioProjects/MyApplication4/app/build/intermediates/exploded-aar/com.android.support/appcompat-v7/23.2.0/jars/classes.jar
java_class_path (initial): /home/caneraydin/Android/Sdk/build-tools/23.0.2/lib/dx.jar
Launcher Type: SUN_STANDARD

Environment Variables:
JAVA_HOME=/usr/lib/jvm/java-8-oracle
PATH=/usr/local/sbin:/usr/local/bin:/usr/sbin:/usr/bin:/sbin:/bin:/usr/games:/usr/local/games:/usr/lib/jvm/java-8-oracle/bin:/usr/lib/jvm/java-8-oracle/db/bin:/usr/lib/jvm/java-8-oracle/jre/bin
LD_LIBRARY_PATH=/opt/android-studio/bin:
SHELL=/bin/bash
DISPLAY=:0

Signal Handlers:
SIGSEGV: [libjvm.so+0xabb070], sa_mask[0]=11111111011111111101111111111110, sa_flags=SA_RESTART|SA_SIGINFO
SIGBUS: [libjvm.so+0xabb070], sa_mask[0]=11111111011111111101111111111110, sa_flags=SA_RESTART|SA_SIGINFO
SIGFPE: [libjvm.so+0x918480], sa_mask[0]=11111111011111111101111111111110, sa_flags=SA_RESTART|SA_SIGINFO
SIGPIPE: [libjvm.so+0x918480], sa_mask[0]=11111111011111111101111111111110, sa_flags=SA_RESTART|SA_SIGINFO
SIGXFSZ: [libjvm.so+0x918480], sa_mask[0]=11111111011111111101111111111110, sa_flags=SA_RESTART|SA_SIGINFO
SIGILL: [libjvm.so+0x918480], sa_mask[0]=11111111011111111101111111111110, sa_flags=SA_RESTART|SA_SIGINFO
SIGUSR1: SIG_DFL, sa_mask[0]=00000000000000000000000000000000, sa_flags=none
SIGUSR2: [libjvm.so+0x919ab0], sa_mask[0]=00100000000000000000000000000000, sa_flags=SA_RESTART|SA_SIGINFO
SIGHUP: [libjvm.so+0x91aeb0], sa_mask[0]=11111111011111111101111111111110, sa_flags=SA_RESTART|SA_SIGINFO
SIGINT: [libjvm.so+0x91aeb0], sa_mask[0]=11111111011111111101111111111110, sa_flags=SA_RESTART|SA_SIGINFO
SIGTERM: [libjvm.so+0x91aeb0], sa_mask[0]=11111111011111111101111111111110, sa_flags=SA_RESTART|SA_SIGINFO
SIGQUIT: [libjvm.so+0x91aeb0], sa_mask[0]=11111111011111111101111111111110, sa_flags=SA_RESTART|SA_SIGINFO


---------------  S Y S T E M  ---------------

OS:DISTRIB_ID=Ubuntu
DISTRIB_RELEASE=14.04
DISTRIB_CODENAME=trusty
DISTRIB_DESCRIPTION="Ubuntu 14.04.4 LTS"

uname:Linux 4.2.0-34-generic #39~14.04.1-Ubuntu SMP Fri Mar 11 11:38:02 UTC 2016 x86_64
libc:glibc 2.19 NPTL 2.19 
rlimit: STACK 8192k, CORE 0k, NPROC 15354, NOFILE 4096, AS infinity
load average:14,85 8,75 3,66

/proc/meminfo:
MemTotal:        3961824 kB
MemFree:           32352 kB
MemAvailable:      75640 kB
Buffers:            1244 kB
Cached:           388200 kB
SwapCached:            0 kB
Active:          3386112 kB
Inactive:         353304 kB
Active(anon):    3371852 kB
Inactive(anon):   342552 kB
Active(file):      14260 kB
Inactive(file):    10752 kB
Unevictable:         144 kB
Mlocked:             144 kB
SwapTotal:             0 kB
SwapFree:              0 kB
Dirty:               112 kB
Writeback:             0 kB
AnonPages:       3350360 kB
Mapped:           165948 kB
Shmem:            364236 kB
Slab:              96592 kB
SReclaimable:      47700 kB
SUnreclaim:        48892 kB
KernelStack:       10448 kB
PageTables:        42316 kB
NFS_Unstable:          0 kB
Bounce:                0 kB
WritebackTmp:          0 kB
CommitLimit:     1980912 kB
Committed_AS:    8331064 kB
VmallocTotal:   34359738367 kB
VmallocUsed:      348624 kB
VmallocChunk:   34358947836 kB
HardwareCorrupted:     0 kB
AnonHugePages:    825344 kB
CmaTotal:              0 kB
CmaFree:               0 kB
HugePages_Total:       0
HugePages_Free:        0
HugePages_Rsvd:        0
HugePages_Surp:        0
Hugepagesize:       2048 kB
DirectMap4k:      186872 kB
DirectMap2M:     3921920 kB
DirectMap1G:           0 kB


CPU:total 2 (2 cores per cpu, 1 threads per core) family 6 model 69 stepping 1, cmov, cx8, fxsr, mmx, sse, sse2, sse3, ssse3, sse4.1, sse4.2, popcnt, clmul, erms, lzcnt, tsc, tscinvbit

/proc/cpuinfo:
processor	: 0
vendor_id	: GenuineIntel
cpu family	: 6
model		: 69
model name	: Intel(R) Celeron(R) 2957U @ 1.40GHz
stepping	: 1
microcode	: 0x17
cpu MHz		: 1400.000
cache size	: 2048 KB
physical id	: 0
siblings	: 2
core id		: 0
cpu cores	: 2
apicid		: 0
initial apicid	: 0
fpu		: yes
fpu_exception	: yes
cpuid level	: 13
wp		: yes
flags		: fpu vme de pse tsc msr pae mce cx8 apic sep mtrr pge mca cmov pat pse36 clflush dts acpi mmx fxsr sse sse2 ss ht tm pbe syscall nx pdpe1gb rdtscp lm constant_tsc arch_perfmon pebs bts rep_good nopl xtopology nonstop_tsc aperfmperf eagerfpu pni pclmulqdq dtes64 monitor ds_cpl vmx est tm2 ssse3 cx16 xtpr pdcm pcid sse4_1 sse4_2 movbe popcnt tsc_deadline_timer xsave rdrand lahf_lm abm arat epb pln pts dtherm tpr_shadow vnmi flexpriority ept vpid fsgsbase tsc_adjust erms invpcid xsaveopt
bugs		:
bogomips	: 2793.43
clflush size	: 64
cache_alignment	: 64
address sizes	: 39 bits physical, 48 bits virtual
power management:

processor	: 1
vendor_id	: GenuineIntel
cpu family	: 6
model		: 69
model name	: Intel(R) Celeron(R) 2957U @ 1.40GHz
stepping	: 1
microcode	: 0x17
cpu MHz		: 1400.000
cache size	: 2048 KB
physical id	: 0
siblings	: 2
core id		: 1
cpu cores	: 2
apicid		: 2
initial apicid	: 2
fpu		: yes
fpu_exception	: yes
cpuid level	: 13
wp		: yes
flags		: fpu vme de pse tsc msr pae mce cx8 apic sep mtrr pge mca cmov pat pse36 clflush dts acpi mmx fxsr sse sse2 ss ht tm pbe syscall nx pdpe1gb rdtscp lm constant_tsc arch_perfmon pebs bts rep_good nopl xtopology nonstop_tsc aperfmperf eagerfpu pni pclmulqdq dtes64 monitor ds_cpl vmx est tm2 ssse3 cx16 xtpr pdcm pcid sse4_1 sse4_2 movbe popcnt tsc_deadline_timer xsave rdrand lahf_lm abm arat epb pln pts dtherm tpr_shadow vnmi flexpriority ept vpid fsgsbase tsc_adjust erms invpcid xsaveopt
bugs		:
bogomips	: 2793.43
clflush size	: 64
cache_alignment	: 64
address sizes	: 39 bits physical, 48 bits virtual
power management:



Memory: 4k page, physical 3961824k(32352k free), swap 0k(0k free)

vm_info: Java HotSpot(TM) 64-Bit Server VM (25.74-b02) for linux-amd64 JRE (1.8.0_74-b02), built on Jan 29 2016 19:20:56 by "java_re" with gcc 4.3.0 20080428 (Red Hat 4.3.0-8)

time: Sun Mar 27 21:31:14 2016
elapsed time: 16 seconds (0d 0h 0m 16s)

